60a40c667276d203c00d6664
0:56:16.894908
60a40c667276d203c00d6664
1:56:18.521135
60a40c667276d203c00d6664
2:56:20.054519
60a40c667276d203c00d6664
3:56:21.516516
60a40c667276d203c00d6664
4:56:22.976103
60a40c667276d203c00d6664
5:56:24.428968
60a40c667276d203c00d6664
6:56:25.834681
60a40c667276d203c00d6664
7:56:27.275350
60a40c667276d203c00d6664
8:56:28.730866
60a40c667276d203c00d6664
9:56:30.189520
60a40c667276d203c00d6664
10:56:31.726634
60a40c667276d203c00d6664
11:56:33.208998
60a40c667276d203c00d6664
12:56:34.678612
60a40c667276d203c00d6664
13:56:36.204980
60a40c667276d203c00d6664
14:56:37.642309
60a40c667276d203c00d6664
15:56:39.090154
60a40c667276d203c00d6664
16:56:40.544446
60a40c667276d203c00d6664
17:56:41.970760
60a40c667276d203c00d6664
18:56:43.397998
60a40c667276d203c00d6664
19:56:44.850336
60a40c667276d203c00d6664
20:56:46.246628
60a40c667276d203c00d6664
21:56:47.777669
60a40c667276d203c00d6664
22:56:49.333742
60a40c667276d203c00d6664
23:56:50.881449
60a40c667276d203c00d6664
1 day, 0:56:52.379975
60a737177276d203bf0d6664
0:18:44.091487
60a737177276d203bf0d6664
1:18:45.444279
60a737177276d203bf0d6664
2:18:46.845056
60a737177276d203bf0d6664
3:18:48.240318
60a737177276d203bf0d6664
4:18:49.576823
60a737177276d203bf0d6664
5:18:50.970986
60a737177276d203bf0d6664
6:18:52.403480
60a737177276d203bf0d6664
7:18:53.881339
60a737177276d203bf0d6664
8:18:55.225836
60a737177276d203bf0d6664
9:18:56.581460
60a737177276d203bf0d6664
10:18:57.907614
60a737177276d203bf0d6664
11:18:59.297069
60a737177276d203bf0d6664
12:19:00.667700
60a737177276d203bf0d6664
13:19:02.137158
60a737177276d203bf0d6664
14:19:03.505575
60a737177276d203bf0d6664
15:19:04.875963
60a737177276d203bf0d6664
16:19:06.228460
60a737177276d203bf0d6664
17:19:07.633061
60a737177276d203bf0d6664
18:19:08.996960
60a737177276d203bf0d6664
19:19:10.360469
60a737177276d203bf0d6664
20:19:11.750491
60a737177276d203bf0d6664
21:19:13.146771
60a737177276d203bf0d6664
22:19:14.574251
60a737177276d203bf0d6664
23:19:15.993432
60a737177276d203bf0d6664
1 day, 0:19:17.371978
60a92afd7276d203be0d6664
0:46:39.857851
60a92afd7276d203be0d6664
1:46:41.224973
60a92afd7276d203be0d6664
2:46:42.666251
60a92afd7276d203be0d6664
3:46:44.048991
60a92afd7276d203be0d6664
4:46:45.452449
60a92afd7276d203be0d6664
5:46:46.845462
60a92afd7276d203be0d6664
6:46:48.259241
60a92afd7276d203be0d6664
7:46:49.762480
60a92afd7276d203be0d6664
8:46:51.156137
60a92afd7276d203be0d6664
9:46:52.585876
60a92afd7276d203be0d6664
10:46:54.056678
60a92afd7276d203be0d6664
11:46:55.469770
60a92afd7276d203be0d6664
12:46:56.856958
60a92afd7276d203be0d6664
13:46:58.289756
60a92afd7276d203be0d6664
14:46:59.713299
60a92afd7276d203be0d6664
15:47:01.147211
60a92afd7276d203be0d6664
16:47:02.574725
60a92afd7276d203be0d6664
17:47:04.035684
60a92afd7276d203be0d6664
18:47:05.400318
60a92afd7276d203be0d6664
19:47:06.844383
60a92afd7276d203be0d6664
20:47:08.232978
60a92afd7276d203be0d6664
21:47:09.667795
60a92afd7276d203be0d6664
22:47:11.144802
60a92afd7276d203be0d6664
23:47:12.553120
60a92afd7276d203be0d6664
1 day, 0:47:13.991132
60ac407d7276d203c20d6664
0:39:28.228263
60ac407d7276d203c20d6664
1:39:29.751689
60ac407d7276d203c20d6664
2:39:31.145311
60ac407d7276d203c20d6664
3:39:32.670320
60ac407d7276d203c20d6664
4:39:34.102689
60ac407d7276d203c20d6664
5:39:35.699373
60ac407d7276d203c20d6664
6:39:37.221124
60ac407d7276d203c20d6664
7:39:38.821610
60ac407d7276d203c20d6664
8:39:40.138864
60ac407d7276d203c20d6664
9:39:41.507436
60ac407d7276d203c20d6664
10:39:42.855937
60ac407d7276d203c20d6664
11:39:44.215952
60ac407d7276d203c20d6664
12:39:45.635694
60ac407d7276d203c20d6664
13:39:47.013925
60ac407d7276d203c20d6664
14:39:48.403963
60ac407d7276d203c20d6664
15:39:49.789591
60ac407d7276d203c20d6664
16:39:51.211519
60ac407d7276d203c20d6664
17:39:52.649587
60ac407d7276d203c20d6664
18:39:54.098698
60ac407d7276d203c20d6664
19:39:55.604853
60ac407d7276d203c20d6664
20:39:57.174533
60ac407d7276d203c20d6664
21:39:58.700997
60ac407d7276d203c20d6664
22:40:00.125753
60ad7cf47276d203c10d6664
0:09:44.352753
60ac407d7276d203c20d6664
23:40:01.494470
60ad7cf47276d203c10d6664
1:09:45.721470
60ac407d7276d203c20d6664
1 day, 0:40:02.838993
60ad7cf47276d203c10d6664
2:09:47.065993
60ad7cf47276d203c10d6664
3:09:48.475659
60ad7cf47276d203c10d6664
4:09:49.925350
60ad7cf47276d203c10d6664
5:09:51.349583
60ad7cf47276d203c10d6664
6:09:52.759618
60ad7cf47276d203c10d6664
7:09:54.280155
60ad7cf47276d203c10d6664
8:09:55.856225
60ad7cf47276d203c10d6664
9:09:57.396274
60ad7cf47276d203c10d6664
10:09:58.811606
60ad7cf47276d203c10d6664
11:10:00.142948
60ad7cf47276d203c10d6664
12:10:01.441444
60ad7cf47276d203c10d6664
13:10:02.800108
60ad7cf47276d203c10d6664
14:10:04.149760
60ad7cf47276d203c10d6664
15:10:05.536152
60ad7cf47276d203c10d6664
16:10:06.895300
60ad7cf47276d203c10d6664
17:10:08.337194
60ad7cf47276d203c10d6664
18:10:09.840544
60ad7cf47276d203c10d6664
19:10:11.361539
60ad7cf47276d203c10d6664
20:10:12.918375
60ad7cf47276d203c10d6664
21:10:14.456679
60ad7cf47276d203c10d6664
22:10:15.976115
60ad7cf47276d203c10d6664
23:10:17.495040
60ad7cf47276d203c10d6664
1 day, 0:10:19.028691
60b1467c7276d203be0d666a
0:14:42.470964
60b1467c7276d203be0d666a
1:14:43.887403
60b1467c7276d203be0d666a
2:14:45.243050
60b1467c7276d203be0d666a
3:14:46.631912
60b1467c7276d203be0d666a
4:14:48.073779
60b1467c7276d203be0d666a
5:14:49.561557
60b1467c7276d203be0d666a
6:14:51.169829
60b1467c7276d203be0d666a
7:14:52.662587
60b1467c7276d203be0d666a
8:14:54.049206
60b1467c7276d203be0d666a
9:14:55.603741
60b1467c7276d203be0d666a
10:14:57.134592
60b1467c7276d203be0d666a
11:14:58.660175
60b1467c7276d203be0d666a
12:15:00.100003
60b1467c7276d203be0d666a
13:15:01.660687
60b1467c7276d203be0d666a
14:15:03.073012
60b1467c7276d203be0d666a
15:15:04.476397
60b1467c7276d203be0d666a
16:15:05.974557
60b1467c7276d203be0d666a
17:15:07.458472
60b1467c7276d203be0d666a
18:15:08.932509
60b1467c7276d203be0d666a
19:15:10.329149
60b1467c7276d203be0d666a
20:15:11.727992
60b1467c7276d203be0d666a
21:15:13.135152
60b26a187276d203be0d666d
0:31:02.016152
60b1467c7276d203be0d666a
22:15:14.568064
60b26a187276d203be0d666d
1:31:03.449064
60b1467c7276d203be0d666a
23:15:15.965577
60b26a187276d203be0d666d
2:31:04.846577
60b1467c7276d203be0d666a
1 day, 0:15:17.369787
60b26a187276d203be0d666d
3:31:06.250787
60b26a187276d203be0d666d
4:31:07.782233
60b26a187276d203be0d666d
5:31:09.239905
60b26a187276d203be0d666d
6:31:10.758211
60b26a187276d203be0d666d
7:31:12.160641
60b26a187276d203be0d666d
8:31:13.583845
60b26a187276d203be0d666d
9:31:15.056646
60b26a187276d203be0d666d
10:31:16.528188
60b26a187276d203be0d666d
11:31:18.026657
60b26a187276d203be0d666d
12:31:19.509468
60b26a187276d203be0d666d
13:31:21.044536
60b26a187276d203be0d666d
14:31:22.531121
60b26a187276d203be0d666d
15:31:24.012473
60b26a187276d203be0d666d
16:31:25.512080
60b26a187276d203be0d666d
17:31:26.935014
60b26a187276d203be0d666d
18:31:28.445737
60b26a187276d203be0d666d
19:31:29.852941
60b26a187276d203be0d666d
20:31:31.228148
60b387cd7276d203c00d6667
0:12:29.365148
60b26a187276d203be0d666d
21:31:32.675374
60b387cd7276d203c00d6667
1:12:30.812374
60b26a187276d203be0d666d
22:31:34.057999
60b387cd7276d203c00d6667
2:12:32.194999
60b26a187276d203be0d666d
23:31:35.542571
60b387cd7276d203c00d6667
3:12:33.679571
60b26a187276d203be0d666d
1 day, 0:31:37.010375
60b387cd7276d203c00d6667
4:12:35.147375
60b3bb6b7276d203c10d6667
0:32:21.705375
60b387cd7276d203c00d6667
5:12:36.580753
60b3bb6b7276d203c10d6667
1:32:23.138753
60b387cd7276d203c00d6667
6:12:37.991028
60b3bb6b7276d203c10d6667
2:32:24.549028
60b387cd7276d203c00d6667
7:12:39.599619
60b3bb6b7276d203c10d6667
3:32:26.157619
60b387cd7276d203c00d6667
8:12:41.136198
60b3bb6b7276d203c10d6667
4:32:27.694198
60b387cd7276d203c00d6667
9:12:42.597752
60b3bb6b7276d203c10d6667
5:32:29.155752
60b387cd7276d203c00d6667
10:12:44.036269
60b3bb6b7276d203c10d6667
6:32:30.594269
60b387cd7276d203c00d6667
11:12:45.507259
60b3bb6b7276d203c10d6667
7:32:32.065259
60b387cd7276d203c00d6667
12:12:46.995161
60b3bb6b7276d203c10d6667
8:32:33.553161
60b387cd7276d203c00d6667
13:12:48.542540
60b3bb6b7276d203c10d6667
9:32:35.100540
60b387cd7276d203c00d6667
14:12:49.937500
60b3bb6b7276d203c10d6667
10:32:36.495500
60b387cd7276d203c00d6667
15:12:51.469795
60b3bb6b7276d203c10d6667
11:32:38.027795
60b387cd7276d203c00d6667
16:12:53.089682
60b3bb6b7276d203c10d6667
12:32:39.647682
60b387cd7276d203c00d6667
17:12:54.618271
60b3bb6b7276d203c10d6667
13:32:41.176271
60b387cd7276d203c00d6667
18:12:56.049881
60b3bb6b7276d203c10d6667
14:32:42.607881
60b387cd7276d203c00d6667
19:12:57.545577
60b3bb6b7276d203c10d6667
15:32:44.103577
60b387cd7276d203c00d6667
20:12:58.902810
60b3bb6b7276d203c10d6667
16:32:45.460810
60b387cd7276d203c00d6667
21:13:00.262945
60b3bb6b7276d203c10d6667
17:32:46.820945
60b387cd7276d203c00d6667
22:13:01.625113
60b3bb6b7276d203c10d6667
18:32:48.183113
60b387cd7276d203c00d6667
23:13:03.039109
60b3bb6b7276d203c10d6667
19:32:49.597109
60b387cd7276d203c00d6667
1 day, 0:13:04.394982
60b3bb6b7276d203c10d6667
20:32:50.952982
60b3bb6b7276d203c10d6667
21:32:52.359290
60b3bb6b7276d203c10d6667
22:32:53.788136
60b3bb6b7276d203c10d6667
23:32:55.148399
60b3bb6b7276d203c10d6667
1 day, 0:32:56.547193
60b53dc67276d203be0d6670
0:04:33.313439
60b53dc67276d203be0d6670
1:04:34.740430
60b53dc67276d203be0d6670
2:04:36.133114
60b53dc67276d203be0d6670
3:04:37.629572
60b53dc67276d203be0d6670
4:04:39.036481
60b53dc67276d203be0d6670
5:04:40.435762
60b53dc67276d203be0d6670
6:04:41.765038
60b53dc67276d203be0d6670
7:04:43.264489
60b53dc67276d203be0d6670
8:04:44.613521
60b53dc67276d203be0d6670
9:04:46.067327
60b53dc67276d203be0d6670
10:04:47.538037
60b53dc67276d203be0d6670
11:04:48.944841
60b53dc67276d203be0d6670
12:04:50.351643
60b53dc67276d203be0d6670
13:04:51.763591
60b53dc67276d203be0d6670
14:04:53.119258
60b53dc67276d203be0d6670
15:04:54.431013
60b53dc67276d203be0d6670
16:04:55.760435
60b53dc67276d203be0d6670
17:04:57.112799
60b53dc67276d203be0d6670
18:04:58.450779
60b53dc67276d203be0d6670
19:04:59.805495
60b53dc67276d203be0d6670
20:05:01.210652
60b53dc67276d203be0d6670
21:05:02.693156
60b65c417276d203c00d666a
0:42:44.009156
60b53dc67276d203be0d6670
22:05:04.059242
60b65c417276d203c00d666a
1:42:45.375242
60b53dc67276d203be0d6670
23:05:05.495631
60b65c417276d203c00d666a
2:42:46.811631
60b53dc67276d203be0d6670
1 day, 0:05:06.876415
60b65c417276d203c00d666a
3:42:48.192415
60b65c417276d203c00d666a
4:42:49.582469
60b65c417276d203c00d666a
5:42:50.897512
60b65c417276d203c00d666a
6:42:52.305908
60b65c417276d203c00d666a
7:42:53.780175
60b65c417276d203c00d666a
8:42:55.112261
60b65c417276d203c00d666a
9:42:56.481570
60b65c417276d203c00d666a
10:42:57.892489
60b65c417276d203c00d666a
11:42:59.255275
60b65c417276d203c00d666a
12:43:00.631994
60b65c417276d203c00d666a
13:43:02.067272
60b65c417276d203c00d666a
14:43:03.456121
60b65c417276d203c00d666a
15:43:04.924845
60b65c417276d203c00d666a
16:43:06.375262
60b65c417276d203c00d666a
17:43:07.745432
60b65c417276d203c00d666a
18:43:09.072203
60b65c417276d203c00d666a
19:43:10.442036
60b65c417276d203c00d666a
20:43:11.796252
60b65c417276d203c00d666a
21:43:13.128979
60b65c417276d203c00d666a
22:43:14.500785
60b65c417276d203c00d666a
23:43:15.935779
60b65c417276d203c00d666a
1 day, 0:43:17.338831
60b7b0d97276d203c20d6667
0:30:05.701831
60b7b0d97276d203c20d6667
1:30:07.210161
60b7b0d97276d203c20d6667
2:30:08.622368
60b7b0d97276d203c20d6667
3:30:09.983744
60b7b0d97276d203c20d6667
4:30:11.428146
60b7b0d97276d203c20d6667
5:30:12.860107
60b7b0d97276d203c20d6667
6:30:14.281638
60b7b0d97276d203c20d6667
7:30:15.695071
60b7b0d97276d203c20d6667
8:30:17.075254
60b7b0d97276d203c20d6667
9:30:18.459532
60b7b0d97276d203c20d6667
10:30:19.811469
60b7b0d97276d203c20d6667
11:30:21.172201
60b84a147276d203c00d666d
0:36:33.944201
60b7b0d97276d203c20d6667
12:30:22.557056
60b84a147276d203c00d666d
1:36:35.329056
60b7b0d97276d203c20d6667
13:30:23.994451
60b84a147276d203c00d666d
2:36:36.766451
60b7b0d97276d203c20d6667
14:30:25.423346
60b84a147276d203c00d666d
3:36:38.195346
60b7b0d97276d203c20d6667
15:30:26.837759
60b84a147276d203c00d666d
4:36:39.609759
60b7b0d97276d203c20d6667
16:30:28.214472
60b84a147276d203c00d666d
5:36:40.986472
60b7b0d97276d203c20d6667
17:30:29.623003
60b84a147276d203c00d666d
6:36:42.395003
60b7b0d97276d203c20d6667
18:30:31.055309
60b84a147276d203c00d666d
7:36:43.827309
60b7b0d97276d203c20d6667
19:30:32.479378
60b84a147276d203c00d666d
8:36:45.251378
60b7b0d97276d203c20d6667
20:30:33.828923
60b84a147276d203c00d666d
9:36:46.600923
60b7b0d97276d203c20d6667
21:30:35.283340
60b84a147276d203c00d666d
10:36:48.055340
60b7b0d97276d203c20d6667
22:30:36.728068
60b84a147276d203c00d666d
11:36:49.500068
60b7b0d97276d203c20d6667
23:30:38.193221
60b84a147276d203c00d666d
12:36:50.965221
60b7b0d97276d203c20d6667
1 day, 0:30:39.673418
60b84a147276d203c00d666d
13:36:52.445418
60b84a147276d203c00d666d
14:36:53.892045
60b84a147276d203c00d666d
15:36:55.273355
60b84a147276d203c00d666d
16:36:56.661349
60b84a147276d203c00d666d
17:36:58.067699
60b84a147276d203c00d666d
18:36:59.710144
60b84a147276d203c00d666d
19:37:01.159196
60b84a147276d203c00d666d
20:37:02.583711
60b84a147276d203c00d666d
21:37:04.065169
60b84a147276d203c00d666d
22:37:05.544785
60b84a147276d203c00d666d
23:37:07.014213
60b84a147276d203c00d666d
1 day, 0:37:08.518403
60ba3b497276d203c10d666a
0:15:59.387178
60ba3b497276d203c10d666a
1:16:00.795355
60ba3b497276d203c10d666a
2:16:02.170683
60ba3b497276d203c10d666a
3:16:03.593437
60ba3b497276d203c10d666a
4:16:04.965225
60ba3b497276d203c10d666a
5:16:06.405760
60ba3b497276d203c10d666a
6:16:07.818336
60ba3b497276d203c10d666a
7:16:09.235380
60ba3b497276d203c10d666a
8:16:10.650617
60ba3b497276d203c10d666a
9:16:12.059177
60ba3b497276d203c10d666a
10:16:13.495046
60ba3b497276d203c10d666a
11:16:14.913319
60bad9777276d203c00d6670
0:01:20.604319
60ba3b497276d203c10d666a
12:16:16.353733
60bad9777276d203c00d6670
1:01:22.044733
60ba3b497276d203c10d666a
13:16:17.785968
60bad9777276d203c00d6670
2:01:23.476968
60ba3b497276d203c10d666a
14:16:19.305857
60bad9777276d203c00d6670
3:01:24.996857
60ba3b497276d203c10d666a
15:16:20.755466
60bad9777276d203c00d6670
4:01:26.446466
60ba3b497276d203c10d666a
16:16:22.195740
60bad9777276d203c00d6670
5:01:27.886740
60ba3b497276d203c10d666a
17:16:23.815160
60bad9777276d203c00d6670
6:01:29.506160
60ba3b497276d203c10d666a
18:16:25.317379
60bad9777276d203c00d6670
7:01:31.008379
60ba3b497276d203c10d666a
19:16:26.736709
60bad9777276d203c00d6670
8:01:32.427709
60ba3b497276d203c10d666a
20:16:28.228070
60bad9777276d203c00d6670
9:01:33.919070
60ba3b497276d203c10d666a
21:16:29.644440
60bad9777276d203c00d6670
10:01:35.335440
60ba3b497276d203c10d666a
22:16:31.028665
60bad9777276d203c00d6670
11:01:36.719665
60ba3b497276d203c10d666a
23:16:32.443132
60bad9777276d203c00d6670
12:01:38.134132
60ba3b497276d203c10d666a
1 day, 0:16:33.869479
60bad9777276d203c00d6670
13:01:39.560479
60bad9777276d203c00d6670
14:01:40.957776
60bad9777276d203c00d6670
15:01:42.409844
60bad9777276d203c00d6670
16:01:43.825214
60bad9777276d203c00d6670
17:01:45.258803
60bad9777276d203c00d6670
18:01:46.683528
60bad9777276d203c00d6670
19:01:48.032533
60bad9777276d203c00d6670
20:01:49.455304
60bad9777276d203c00d6670
21:01:50.835066
60bad9777276d203c00d6670
22:01:52.282379
60bad9777276d203c00d6670
23:01:53.739956
60bad9777276d203c00d6670
1 day, 0:01:55.156204
60bcdb587276d203c20d666a
0:29:41.823846
60bcdb587276d203c20d666a
1:29:43.276584
60bcdb587276d203c20d666a
2:29:44.702998
60bcdb587276d203c20d666a
3:29:46.048278
60bcdb587276d203c20d666a
4:29:47.419509
60bcdb587276d203c20d666a
5:29:48.822242
60bcdb587276d203c20d666a
6:29:50.218128
60bcdb587276d203c20d666a
7:29:51.686544
60bcdb587276d203c20d666a
8:29:53.110172
60bcdb587276d203c20d666a
9:29:54.507935
60bcdb587276d203c20d666a
10:29:55.963477
60bcdb587276d203c20d666a
11:29:57.390443
60bcdb587276d203c20d666a
12:29:58.762718
60bcdb587276d203c20d666a
13:30:00.224025
60bd8e6c7276d203bf0d6667
0:45:55.707025
60bcdb587276d203c20d666a
14:30:01.712482
60bd8e6c7276d203bf0d6667
1:45:57.195482
60bcdb587276d203c20d666a
15:30:03.161215
60bd8e6c7276d203bf0d6667
2:45:58.644215
60bcdb587276d203c20d666a
16:30:04.548756
60bd8e6c7276d203bf0d6667
3:46:00.031756
60bcdb587276d203c20d666a
17:30:06.029847
60bd8e6c7276d203bf0d6667
4:46:01.512847
60bcdb587276d203c20d666a
18:30:07.443701
60bd8e6c7276d203bf0d6667
5:46:02.926701
60bcdb587276d203c20d666a
19:30:08.814418
60bd8e6c7276d203bf0d6667
6:46:04.297418
60bcdb587276d203c20d666a
20:30:10.217309
60bd8e6c7276d203bf0d6667
7:46:05.700309
60bcdb587276d203c20d666a
21:30:11.692376
60bd8e6c7276d203bf0d6667
8:46:07.175376
60bcdb587276d203c20d666a
22:30:13.158157
60bd8e6c7276d203bf0d6667
9:46:08.641157
60bcdb587276d203c20d666a
23:30:14.676834
60bd8e6c7276d203bf0d6667
10:46:10.159834
60bcdb587276d203c20d666a
1 day, 0:30:16.146562
60bd8e6c7276d203bf0d6667
11:46:11.629562
60bd8e6c7276d203bf0d6667
12:46:13.077537
60bd8e6c7276d203bf0d6667
13:46:14.535757
60be48f27276d203c20d666d
0:30:24.805757
60bd8e6c7276d203bf0d6667
14:46:16.039705
60be48f27276d203c20d666d
1:30:26.309705
60bd8e6c7276d203bf0d6667
15:46:17.467160
60be48f27276d203c20d666d
2:30:27.737160
60bd8e6c7276d203bf0d6667
16:46:18.917863
60be48f27276d203c20d666d
3:30:29.187863
60bd8e6c7276d203bf0d6667
17:46:20.341733
60be48f27276d203c20d666d
4:30:30.611733
60bd8e6c7276d203bf0d6667
18:46:21.905244
60be48f27276d203c20d666d
5:30:32.175244
60bd8e6c7276d203bf0d6667
19:46:23.340218
60be48f27276d203c20d666d
6:30:33.610218
60bd8e6c7276d203bf0d6667
20:46:24.882303
60be48f27276d203c20d666d
7:30:35.152303
60bd8e6c7276d203bf0d6667
21:46:26.345384
60be48f27276d203c20d666d
8:30:36.615384
60bd8e6c7276d203bf0d6667
22:46:27.761860
60be48f27276d203c20d666d
9:30:38.031860
60bd8e6c7276d203bf0d6667
23:46:29.181979
60be48f27276d203c20d666d
10:30:39.451979
60bd8e6c7276d203bf0d6667
1 day, 0:46:30.562689
60be48f27276d203c20d666d
11:30:40.832689
60be48f27276d203c20d666d
12:30:42.352070
60be48f27276d203c20d666d
13:30:43.801577
60be48f27276d203c20d666d
14:30:45.289641
60be48f27276d203c20d666d
15:30:46.714054
60be48f27276d203c20d666d
16:30:48.124158
60be48f27276d203c20d666d
17:30:49.519633
60be48f27276d203c20d666d
18:30:50.947450
60be48f27276d203c20d666d
19:30:52.431952
60be48f27276d203c20d666d
20:30:53.819330
60be48f27276d203c20d666d
21:30:55.272583
60be48f27276d203c20d666d
22:30:56.668719
60be48f27276d203c20d666d
23:30:58.113908
60be48f27276d203c20d666d
1 day, 0:30:59.541902
60c0a4357276d203be0d6673
0:37:31.838249
60c0a4357276d203be0d6673
1:37:33.247845
60c0a4357276d203be0d6673
2:37:34.684258
60c0a4357276d203be0d6673
3:37:36.222595
60c0a4357276d203be0d6673
4:37:37.696957
60c0a4357276d203be0d6673
5:37:39.247979
60c0a4357276d203be0d6673
6:37:40.659124
60c0a4357276d203be0d6673
7:37:42.062759
60c0a4357276d203be0d6673
8:37:43.537054
60c0a4357276d203be0d6673
9:37:45.006646
60c0a4357276d203be0d6673
10:37:46.425015
60c0a4357276d203be0d6673
11:37:47.855345
60c0a4357276d203be0d6673
12:37:49.314419
60c0a4357276d203be0d6673
13:37:50.764486
60c0a4357276d203be0d6673
14:37:52.205087
60c0a4357276d203be0d6673
15:37:53.604333
60c176787276d203bf0d666a
0:40:46.914333
60c0a4357276d203be0d6673
16:37:55.003976
60c176787276d203bf0d666a
1:40:48.313976
60c0a4357276d203be0d6673
17:37:56.429731
60c176787276d203bf0d666a
2:40:49.739731
60c0a4357276d203be0d6673
18:37:57.945433
60c176787276d203bf0d666a
3:40:51.255433
60c0a4357276d203be0d6673
19:37:59.353499
60c176787276d203bf0d666a
4:40:52.663499
60c0a4357276d203be0d6673
20:38:00.786716
60c176787276d203bf0d666a
5:40:54.096716
60c0a4357276d203be0d6673
21:38:02.172076
60c176787276d203bf0d666a
6:40:55.482076
60c0a4357276d203be0d6673
22:38:03.560057
60c176787276d203bf0d666a
7:40:56.870057
60c0a4357276d203be0d6673
23:38:04.955504
60c176787276d203bf0d666a
8:40:58.265504
60c0a4357276d203be0d6673
1 day, 0:38:06.402160
60c176787276d203bf0d666a
9:40:59.712160
60c176787276d203bf0d666a
10:41:01.163234
60c176787276d203bf0d666a
11:41:02.684179
60c176787276d203bf0d666a
12:41:04.056352
60c176787276d203bf0d666a
13:41:05.434383
60c176787276d203bf0d666a
14:41:06.816057
60c176787276d203bf0d666a
15:41:08.258167
60c176787276d203bf0d666a
16:41:09.668458
60c176787276d203bf0d666a
17:41:11.095864
60c176787276d203bf0d666a
18:41:12.480175
60c176787276d203bf0d666a
19:41:13.857448
60c176787276d203bf0d666a
20:41:15.200583
60c176787276d203bf0d666a
21:41:16.572518
60c176787276d203bf0d666a
22:41:17.967095
60c176787276d203bf0d666a
23:41:19.323238
60c176787276d203bf0d666a
1 day, 0:41:20.719707
60c2f01c7276d203c20d6672
0:50:08.538059
60c2f01c7276d203c20d6672
1:50:09.950486
60c2f01c7276d203c20d6672
2:50:11.295086
60c2f01c7276d203c20d6672
3:50:12.762112
60c2f01c7276d203c20d6672
4:50:14.381357
60c2f01c7276d203c20d6672
5:50:15.818477
60c2f01c7276d203c20d6672
6:50:17.301667
60c2f01c7276d203c20d6672
7:50:18.751595
60c2f01c7276d203c20d6672
8:50:20.203451
60c2f01c7276d203c20d6672
9:50:21.646623
60c2f01c7276d203c20d6672
10:50:23.039064
60c2f01c7276d203c20d6672
11:50:24.466083
60c2f01c7276d203c20d6672
12:50:25.895787
60c2f01c7276d203c20d6672
13:50:27.344955
60c2f01c7276d203c20d6672
14:50:28.821715
60c2f01c7276d203c20d6672
15:50:30.317542
60c2f01c7276d203c20d6672
16:50:31.747069
60c2f01c7276d203c20d6672
17:50:33.145572
60c2f01c7276d203c20d6672
18:50:34.565815
60c3ec817276d203bf0d666d
0:53:42.069815
60c2f01c7276d203c20d6672
19:50:36.014509
60c3ec817276d203bf0d666d
1:53:43.518509
60c2f01c7276d203c20d6672
20:50:37.450907
60c3ec817276d203bf0d666d
2:53:44.954907
60c2f01c7276d203c20d6672
21:50:38.855376
60c3ec817276d203bf0d666d
3:53:46.359376
60c2f01c7276d203c20d6672
22:50:40.338054
60c3ec817276d203bf0d666d
4:53:47.842054
60c2f01c7276d203c20d6672
23:50:41.935406
60c3ec817276d203bf0d666d
5:53:49.439406
60c2f01c7276d203c20d6672
1 day, 0:50:43.476472
60c3ec817276d203bf0d666d
6:53:50.980472
60c3ec817276d203bf0d666d
7:53:52.578730
60c3ec817276d203bf0d666d
8:53:54.117248
60c3ec817276d203bf0d666d
9:53:55.561425
60c3ec817276d203bf0d666d
10:53:57.060204
60c3ec817276d203bf0d666d
11:53:58.545381
60c3ec817276d203bf0d666d
12:53:59.972697
60c3ec817276d203bf0d666d
13:54:01.434520
60c3ec817276d203bf0d666d
14:54:02.872730
60c3ec817276d203bf0d666d
15:54:04.331151
60c3ec817276d203bf0d666d
16:54:05.789703
60c3ec817276d203bf0d666d
17:54:07.239901
60c3ec817276d203bf0d666d
18:54:08.652993
60c3ec817276d203bf0d666d
19:54:10.062073
60c3ec817276d203bf0d666d
20:54:11.460770
60c3ec817276d203bf0d666d
21:54:12.854497
60c3ec817276d203bf0d666d
22:54:14.255447
60c3ec817276d203bf0d666d
23:54:15.649275
60c3ec817276d203bf0d666d
1 day, 0:54:17.026190
60ca6c8d7276d203c20d6675
0:36:35.599247
60ca6c8d7276d203c20d6675
1:36:37.078140
60ca6c8d7276d203c20d6675
2:36:38.528819
60ca6c8d7276d203c20d6675
3:36:40.040253
60ca6c8d7276d203c20d6675
4:36:41.466003
60ca6c8d7276d203c20d6675
5:36:43.016839
60ca6c8d7276d203c20d6675
6:36:44.501040
60ca6c8d7276d203c20d6675
7:36:46.003135
60ca6c8d7276d203c20d6675
8:36:47.559311
60ca6c8d7276d203c20d6675
9:36:49.165783
60ca6c8d7276d203c20d6675
10:36:50.716916
60ca6c8d7276d203c20d6675
11:36:52.176415
60ca6c8d7276d203c20d6675
12:36:53.696136
60ca6c8d7276d203c20d6675
13:36:55.198254
60ca6c8d7276d203c20d6675
14:36:56.701384
60cb30cd7276d203c20d6678
0:39:36.811384
60ca6c8d7276d203c20d6675
15:36:58.136789
60cb30cd7276d203c20d6678
1:39:38.246789
60ca6c8d7276d203c20d6675
16:36:59.685327
60cb30cd7276d203c20d6678
2:39:39.795327
60ca6c8d7276d203c20d6675
17:37:01.208728
60cb30cd7276d203c20d6678
3:39:41.318728
60ca6c8d7276d203c20d6675
18:37:02.761598
60cb30cd7276d203c20d6678
4:39:42.871598
60ca6c8d7276d203c20d6675
19:37:04.172388
60cb30cd7276d203c20d6678
5:39:44.282388
60ca6c8d7276d203c20d6675
20:37:05.631284
60cb30cd7276d203c20d6678
6:39:45.741284
60ca6c8d7276d203c20d6675
21:37:07.261985
60cb30cd7276d203c20d6678
7:39:47.371985
60ca6c8d7276d203c20d6675
22:37:08.642029
60cb30cd7276d203c20d6678
8:39:48.752029
60ca6c8d7276d203c20d6675
23:37:10.027536
60cb30cd7276d203c20d6678
9:39:50.137536
60ca6c8d7276d203c20d6675
1 day, 0:37:11.422363
60cb30cd7276d203c20d6678
10:39:51.532363
60cb30cd7276d203c20d6678
11:39:52.887483
60cb30cd7276d203c20d6678
12:39:54.282132
60cb30cd7276d203c20d6678
13:39:55.650118
60cb30cd7276d203c20d6678
14:39:57.033005
60cb30cd7276d203c20d6678
15:39:58.413048
60cb30cd7276d203c20d6678
16:39:59.802878
60cb30cd7276d203c20d6678
17:40:01.335776
60cb30cd7276d203c20d6678
18:40:02.809854
60cb30cd7276d203c20d6678
19:40:04.270804
60cb30cd7276d203c20d6678
20:40:05.643409
60cb30cd7276d203c20d6678
21:40:07.125087
60cb30cd7276d203c20d6678
22:40:08.521247
60cb30cd7276d203c20d6678
23:40:09.911523
60cb30cd7276d203c20d6678
1 day, 0:40:11.303173
60ce38a37276d203c10d666d
0:30:41.047922
60ce38a37276d203c10d666d
1:30:42.408310
60ce38a37276d203c10d666d
2:30:43.819814
60ce38a37276d203c10d666d
3:30:45.253834
60ce38a37276d203c10d666d
4:30:46.633115
60ce38a37276d203c10d666d
5:30:48.037958
60ce38a37276d203c10d666d
6:30:49.387554
60ce38a37276d203c10d666d
7:30:50.852093
60ce38a37276d203c10d666d
8:30:52.236048
60ce38a37276d203c10d666d
9:30:53.551340
60ce38a37276d203c10d666d
10:30:54.918749
60ce38a37276d203c10d666d
11:30:56.274991
60ce38a37276d203c10d666d
12:30:57.610341
60ce38a37276d203c10d666d
13:30:59.003361
60ce38a37276d203c10d666d
14:31:00.381595
60cf03157276d203c20d667b
0:07:14.772595
60ce38a37276d203c10d666d
15:31:01.737172
60cf03157276d203c20d667b
1:07:16.128172
60ce38a37276d203c10d666d
16:31:03.042577
60cf03157276d203c20d667b
2:07:17.433577
60ce38a37276d203c10d666d
17:31:04.397697
60cf03157276d203c20d667b
3:07:18.788697
60ce38a37276d203c10d666d
18:31:05.829023
60cf03157276d203c20d667b
4:07:20.220023
60cf30417276d203be0d6676
0:54:36.132023
60ce38a37276d203c10d666d
19:31:07.181482
60cf03157276d203c20d667b
5:07:21.572482
60cf30417276d203be0d6676
1:54:37.484482
60ce38a37276d203c10d666d
20:31:08.565972
60cf03157276d203c20d667b
6:07:22.956972
60cf30417276d203be0d6676
2:54:38.868972
60ce38a37276d203c10d666d
21:31:09.888910
60cf03157276d203c20d667b
7:07:24.279910
60cf30417276d203be0d6676
3:54:40.191910
60ce38a37276d203c10d666d
22:31:11.294340
60cf03157276d203c20d667b
8:07:25.685340
60cf30417276d203be0d6676
4:54:41.597340
60ce38a37276d203c10d666d
23:31:12.677518
60cf03157276d203c20d667b
9:07:27.068518
60cf30417276d203be0d6676
5:54:42.980518
60ce38a37276d203c10d666d
1 day, 0:31:14.060366
60cf03157276d203c20d667b
10:07:28.451366
60cf30417276d203be0d6676
6:54:44.363366
60cf03157276d203c20d667b
11:07:29.770861
60cf30417276d203be0d6676
7:54:45.682861
60cf03157276d203c20d667b
12:07:31.076516
60cf30417276d203be0d6676
8:54:46.988516
60cf03157276d203c20d667b
13:07:32.448571
60cf30417276d203be0d6676
9:54:48.360571
60cf03157276d203c20d667b
14:07:33.853684
60cf30417276d203be0d6676
10:54:49.765684
60cf03157276d203c20d667b
15:07:35.273272
60cf30417276d203be0d6676
11:54:51.185272
60cf03157276d203c20d667b
16:07:36.664768
60cf30417276d203be0d6676
12:54:52.576768
60cfdf8f7276d203c10d6670
0:26:54.825768
60cf03157276d203c20d667b
17:07:38.050135
60cf30417276d203be0d6676
13:54:53.962135
60cfdf8f7276d203c10d6670
1:26:56.211135
60cf03157276d203c20d667b
18:07:39.373802
60cf30417276d203be0d6676
14:54:55.285802
60cfdf8f7276d203c10d6670
2:26:57.534802
60cf03157276d203c20d667b
19:07:40.761728
60cf30417276d203be0d6676
15:54:56.673728
60cfdf8f7276d203c10d6670
3:26:58.922728
60cf03157276d203c20d667b
20:07:42.070237
60cf30417276d203be0d6676
16:54:57.982237
60cfdf8f7276d203c10d6670
4:27:00.231237
60cf03157276d203c20d667b
21:07:43.379516
60cf30417276d203be0d6676
17:54:59.291516
60cfdf8f7276d203c10d6670
5:27:01.540516
60cf03157276d203c20d667b
22:07:44.679430
60cf30417276d203be0d6676
18:55:00.591430
60cfdf8f7276d203c10d6670
6:27:02.840430
60cf03157276d203c20d667b
23:07:46.040159
60cf30417276d203be0d6676
19:55:01.952159
60cfdf8f7276d203c10d6670
7:27:04.201159
60cf03157276d203c20d667b
1 day, 0:07:47.418931
60cf30417276d203be0d6676
20:55:03.330931
60cfdf8f7276d203c10d6670
8:27:05.579931
60cf30417276d203be0d6676
21:55:04.675364
60cfdf8f7276d203c10d6670
9:27:06.924364
60cf30417276d203be0d6676
22:55:06.001120
60cfdf8f7276d203c10d6670
10:27:08.250120
60cf30417276d203be0d6676
23:55:07.416306
60cfdf8f7276d203c10d6670
11:27:09.665306
60cf30417276d203be0d6676
1 day, 0:55:08.785478
60cfdf8f7276d203c10d6670
12:27:11.034478
60cfdf8f7276d203c10d6670
13:27:12.384044
60cfdf8f7276d203c10d6670
14:27:13.789869
60cfdf8f7276d203c10d6670
15:27:15.128569
60cfdf8f7276d203c10d6670
16:27:16.535686
60cfdf8f7276d203c10d6670
17:27:17.920701
60cfdf8f7276d203c10d6670
18:27:19.255799
60cfdf8f7276d203c10d6670
19:27:20.621531
60cfdf8f7276d203c10d6670
20:27:21.999496
60cfdf8f7276d203c10d6670
21:27:23.346711
60cfdf8f7276d203c10d6670
22:27:24.737247
60cfdf8f7276d203c10d6670
23:27:26.082534
60cfdf8f7276d203c10d6670
1 day, 0:27:27.431778
60d1eedf7276d203c20d667e
0:57:54.223205
60d1eedf7276d203c20d667e
1:57:55.552937
60d1eedf7276d203c20d667e
2:57:56.958973
60d1eedf7276d203c20d667e
3:57:58.337342
60d1eedf7276d203c20d667e
4:57:59.766350
60d230127276d203c20d6681
0:19:48.705350
60d1eedf7276d203c20d667e
5:58:01.183572
60d230127276d203c20d6681
1:19:50.122572
60d1eedf7276d203c20d667e
6:58:02.610573
60d230127276d203c20d6681
2:19:51.549573
60d1eedf7276d203c20d667e
7:58:04.012705
60d230127276d203c20d6681
3:19:52.951705
60d1eedf7276d203c20d667e
8:58:05.418692
60d230127276d203c20d6681
4:19:54.357692
60d1eedf7276d203c20d667e
9:58:06.831876
60d230127276d203c20d6681
5:19:55.770876
60d1eedf7276d203c20d667e
10:58:08.185820
60d230127276d203c20d6681
6:19:57.124820
60d1eedf7276d203c20d667e
11:58:09.582197
60d230127276d203c20d6681
7:19:58.521197
60d1eedf7276d203c20d667e
12:58:10.946157
60d230127276d203c20d6681
8:19:59.885157
60d1eedf7276d203c20d667e
13:58:12.336478
60d230127276d203c20d6681
9:20:01.275478
60d1eedf7276d203c20d667e
14:58:13.734443
60d230127276d203c20d6681
10:20:02.673443
60d1eedf7276d203c20d667e
15:58:15.148691
60d230127276d203c20d6681
11:20:04.087691
60d1eedf7276d203c20d667e
16:58:16.665467
60d230127276d203c20d6681
12:20:05.604467
60d1eedf7276d203c20d667e
17:58:18.069277
60d230127276d203c20d6681
13:20:07.008277
60d1eedf7276d203c20d667e
18:58:19.471030
60d230127276d203c20d6681
14:20:08.410030
60d1eedf7276d203c20d667e
19:58:20.836749
60d230127276d203c20d6681
15:20:09.775749
60d1eedf7276d203c20d667e
20:58:22.193119
60d230127276d203c20d6681
16:20:11.132119
60d1eedf7276d203c20d667e
21:58:23.544459
60d230127276d203c20d6681
17:20:12.483459
60d1eedf7276d203c20d667e
22:58:24.937828
60d230127276d203c20d6681
18:20:13.876828
60d1eedf7276d203c20d667e
23:58:26.271120
60d230127276d203c20d6681
19:20:15.210120
60d1eedf7276d203c20d667e
1 day, 0:58:27.640296
60d230127276d203c20d6681
20:20:16.579296
60d230127276d203c20d6681
21:20:17.985841
60d230127276d203c20d6681
22:20:19.385017
60d230127276d203c20d6681
23:20:20.805095
60d230127276d203c20d6681
1 day, 0:20:22.243818
60d4639c7276d203c20d6684
0:16:18.496184
60d4639c7276d203c20d6684
1:16:19.851821
60d4639c7276d203c20d6684
2:16:21.255623
60d4639c7276d203c20d6684
3:16:22.700472
60d4639c7276d203c20d6684
4:16:24.078077
60d4639c7276d203c20d6684
5:16:25.414335
60d4639c7276d203c20d6684
6:16:26.731283
60d4639c7276d203c20d6684
7:16:28.052452
60d4639c7276d203c20d6684
8:16:29.437703
60d4639c7276d203c20d6684
9:16:30.759704
60d4639c7276d203c20d6684
10:16:32.144975
60d4639c7276d203c20d6684
11:16:33.507236
60d4639c7276d203c20d6684
12:16:34.865498
60d4639c7276d203c20d6684
13:16:36.229669
60d5165c7276d203c20d6687
0:33:56.243669
60d4639c7276d203c20d6684
14:16:37.634052
60d5165c7276d203c20d6687
1:33:57.648052
60d4639c7276d203c20d6684
15:16:38.988741
60d5165c7276d203c20d6687
2:33:59.002741
60d4639c7276d203c20d6684
16:16:40.378408
60d5165c7276d203c20d6687
3:34:00.392408
60d547577276d203c00d6673
0:05:01.759408
60d4639c7276d203c20d6684
17:16:41.767533
60d5165c7276d203c20d6687
4:34:01.781533
60d547577276d203c00d6673
1:05:03.148533
60d4639c7276d203c20d6684
18:16:43.127860
60d5165c7276d203c20d6687
5:34:03.141860
60d547577276d203c00d6673
2:05:04.508860
60d4639c7276d203c20d6684
19:16:44.488969
60d5165c7276d203c20d6687
6:34:04.502969
60d547577276d203c00d6673
3:05:05.869969
60d4639c7276d203c20d6684
20:16:45.869481
60d5165c7276d203c20d6687
7:34:05.883481
60d547577276d203c00d6673
4:05:07.250481
60d4639c7276d203c20d6684
21:16:47.190839
60d5165c7276d203c20d6687
8:34:07.204839
60d547577276d203c00d6673
5:05:08.571839
60d4639c7276d203c20d6684
22:16:48.563303
60d5165c7276d203c20d6687
9:34:08.577303
60d547577276d203c00d6673
6:05:09.944303
60d4639c7276d203c20d6684
23:16:49.970523
60d5165c7276d203c20d6687
10:34:09.984523
60d547577276d203c00d6673
7:05:11.351523
60d4639c7276d203c20d6684
1 day, 0:16:51.367862
60d5165c7276d203c20d6687
11:34:11.381862
60d547577276d203c00d6673
8:05:12.748862
60d5165c7276d203c20d6687
12:34:12.778719
60d547577276d203c00d6673
9:05:14.145719
60d5165c7276d203c20d6687
13:34:14.166349
60d547577276d203c00d6673
10:05:15.533349
60d5165c7276d203c20d6687
14:34:15.565081
60d547577276d203c00d6673
11:05:16.932081
60d5165c7276d203c20d6687
15:34:16.899182
60d547577276d203c00d6673
12:05:18.266182
60d5165c7276d203c20d6687
16:34:18.200035
60d547577276d203c00d6673
13:05:19.567035
60d5165c7276d203c20d6687
17:34:19.521769
60d547577276d203c00d6673
14:05:20.888769
60d5165c7276d203c20d6687
18:34:20.868651
60d547577276d203c00d6673
15:05:22.235651
60d5165c7276d203c20d6687
19:34:22.206522
60d547577276d203c00d6673
16:05:23.573522
60d5165c7276d203c20d6687
20:34:23.535403
60d547577276d203c00d6673
17:05:24.902403
60d5165c7276d203c20d6687
21:34:24.883487
60d547577276d203c00d6673
18:05:26.250487
60d5165c7276d203c20d6687
22:34:26.229920
60d547577276d203c00d6673
19:05:27.596920
60d5165c7276d203c20d6687
23:34:27.608697
60d547577276d203c00d6673
20:05:28.975697
60d5165c7276d203c20d6687
1 day, 0:34:28.930947
60d547577276d203c00d6673
21:05:30.297947
60d547577276d203c00d6673
22:05:31.628315
60d67c6c7276d203be0d6679
0:06:46.701315
60d547577276d203c00d6673
23:05:33.003242
60d67c6c7276d203be0d6679
1:06:48.076242
60d684a47276d203c10d6673
0:31:43.844242
60d547577276d203c00d6673
1 day, 0:05:34.364217
60d67c6c7276d203be0d6679
2:06:49.437217
60d684a47276d203c10d6673
1:31:45.205217
60d67c6c7276d203be0d6679
3:06:50.788515
60d684a47276d203c10d6673
2:31:46.556515
60d67c6c7276d203be0d6679
4:06:52.142106
60d684a47276d203c10d6673
3:31:47.910106
60d67c6c7276d203be0d6679
5:06:53.499034
60d684a47276d203c10d6673
4:31:49.267034
60d67c6c7276d203be0d6679
6:06:54.883145
60d684a47276d203c10d6673
5:31:50.651145
60d67c6c7276d203be0d6679
7:06:56.262530
60d684a47276d203c10d6673
6:31:52.030530
60d67c6c7276d203be0d6679
8:06:57.653868
60d684a47276d203c10d6673
7:31:53.421868
60d67c6c7276d203be0d6679
9:06:59.045374
60d684a47276d203c10d6673
8:31:54.813374
60d6eeb57276d203bf0d6670
0:59:22.411374
60d67c6c7276d203be0d6679
10:07:00.397283
60d684a47276d203c10d6673
9:31:56.165283
60d6eeb57276d203bf0d6670
1:59:23.763283
60d67c6c7276d203be0d6679
11:07:01.724530
60d684a47276d203c10d6673
10:31:57.492530
60d6eeb57276d203bf0d6670
2:59:25.090530
60d67c6c7276d203be0d6679
12:07:03.058010
60d684a47276d203c10d6673
11:31:58.826010
60d6eeb57276d203bf0d6670
3:59:26.424010
60d67c6c7276d203be0d6679
13:07:04.428133
60d684a47276d203c10d6673
12:32:00.196133
60d6eeb57276d203bf0d6670
4:59:27.794133
60d72f527276d203c00d6676
0:23:46.354133
60d67c6c7276d203be0d6679
14:07:05.808917
60d684a47276d203c10d6673
13:32:01.576917
60d6eeb57276d203bf0d6670
5:59:29.174917
60d72f527276d203c00d6676
1:23:47.734917
60d67c6c7276d203be0d6679
15:07:07.212819
60d684a47276d203c10d6673
14:32:02.980819
60d6eeb57276d203bf0d6670
6:59:30.578819
60d72f527276d203c00d6676
2:23:49.138819
60d67c6c7276d203be0d6679
16:07:08.732003
60d684a47276d203c10d6673
15:32:04.500003
60d6eeb57276d203bf0d6670
7:59:32.098003
60d72f527276d203c00d6676
3:23:50.658003
60d67c6c7276d203be0d6679
17:07:10.132041
60d684a47276d203c10d6673
16:32:05.900041
60d6eeb57276d203bf0d6670
8:59:33.498041
60d72f527276d203c00d6676
4:23:52.058041
60d67c6c7276d203be0d6679
18:07:11.484581
60d684a47276d203c10d6673
17:32:07.252581
60d6eeb57276d203bf0d6670
9:59:34.850581
60d72f527276d203c00d6676
5:23:53.410581
60d67c6c7276d203be0d6679
19:07:12.882094
60d684a47276d203c10d6673
18:32:08.650094
60d6eeb57276d203bf0d6670
10:59:36.248094
60d72f527276d203c00d6676
6:23:54.808094
60d67c6c7276d203be0d6679
20:07:14.330729
60d684a47276d203c10d6673
19:32:10.098729
60d6eeb57276d203bf0d6670
11:59:37.696729
60d72f527276d203c00d6676
7:23:56.256729
60d67c6c7276d203be0d6679
21:07:15.706722
60d684a47276d203c10d6673
20:32:11.474722
60d6eeb57276d203bf0d6670
12:59:39.072722
60d72f527276d203c00d6676
8:23:57.632722
60d67c6c7276d203be0d6679
22:07:17.128737
60d684a47276d203c10d6673
21:32:12.896737
60d6eeb57276d203bf0d6670
13:59:40.494737
60d72f527276d203c00d6676
9:23:59.054737
60d67c6c7276d203be0d6679
23:07:18.528099
60d684a47276d203c10d6673
22:32:14.296099
60d6eeb57276d203bf0d6670
14:59:41.894099
60d72f527276d203c00d6676
10:24:00.454099
60d67c6c7276d203be0d6679
1 day, 0:07:19.908284
60d684a47276d203c10d6673
23:32:15.676284
60d6eeb57276d203bf0d6670
15:59:43.274284
60d72f527276d203c00d6676
11:24:01.834284
60d684a47276d203c10d6673
1 day, 0:32:16.981037
60d6eeb57276d203bf0d6670
16:59:44.579037
60d72f527276d203c00d6676
12:24:03.139037
60d6eeb57276d203bf0d6670
17:59:45.917291
60d72f527276d203c00d6676
13:24:04.477291
60d6eeb57276d203bf0d6670
18:59:47.242415
60d72f527276d203c00d6676
14:24:05.802415
60d6eeb57276d203bf0d6670
19:59:48.593415
60d72f527276d203c00d6676
15:24:07.153415
60d6eeb57276d203bf0d6670
20:59:49.902939
60d72f527276d203c00d6676
16:24:08.462939
60d6eeb57276d203bf0d6670
21:59:51.283393
60d72f527276d203c00d6676
17:24:09.843393
60d6eeb57276d203bf0d6670
22:59:52.606649
60d72f527276d203c00d6676
18:24:11.166649
60d6eeb57276d203bf0d6670
23:59:53.963144
60d72f527276d203c00d6676
19:24:12.523144
60d6eeb57276d203bf0d6670
1 day, 0:59:55.286126
60d72f527276d203c00d6676
20:24:13.846126
60d72f527276d203c00d6676
21:24:15.145362
60d72f527276d203c00d6676
22:24:16.491461
60d72f527276d203c00d6676
23:24:17.894303
60d86e327276d203c00d6679
0:43:46.399303
60d86e327276d203c20d668a
0:43:45.740303
60d72f527276d203c00d6676
1 day, 0:24:19.200875
60d86e327276d203c00d6679
1:43:47.705875
60d86e327276d203c20d668a
1:43:47.046875
60d86e327276d203c00d6679
2:43:49.039106
60d86e327276d203c20d668a
2:43:48.380106
60d86e327276d203c00d6679
3:43:50.363651
60d86e327276d203c20d668a
3:43:49.704651
60d86e327276d203c00d6679
4:43:51.725110
60d86e327276d203c20d668a
4:43:51.066110
60d86e327276d203c00d6679
5:43:53.034795
60d86e327276d203c20d668a
5:43:52.375795
60d86e327276d203c00d6679
6:43:54.365864
60d86e327276d203c20d668a
6:43:53.706864
60d86e327276d203c00d6679
7:43:55.719421
60d86e327276d203c20d668a
7:43:55.060421
60d86e327276d203c00d6679
8:43:57.096345
60d86e327276d203c20d668a
8:43:56.437345
60d86e327276d203c00d6679
9:43:58.385527
60d86e327276d203c20d668a
9:43:57.726527
60d86e327276d203c00d6679
10:43:59.696614
60d86e327276d203c20d668a
10:43:59.037614
60d86e327276d203c00d6679
11:44:00.990295
60d86e327276d203c20d668a
11:44:00.331295
60d86e327276d203c00d6679
12:44:02.328145
60d86e327276d203c20d668a
12:44:01.669145
60d86e327276d203c00d6679
13:44:03.650332
60d86e327276d203c20d668a
13:44:02.991332
60d86e327276d203c00d6679
14:44:04.958517
60d86e327276d203c20d668a
14:44:04.299517
60d86e327276d203c00d6679
15:44:06.290752
60d86e327276d203c20d668a
15:44:05.631752
60d86e327276d203c00d6679
16:44:07.657239
60d86e327276d203c20d668a
16:44:06.998239
60d86e327276d203c00d6679
17:44:09.019751
60d86e327276d203c20d668a
17:44:08.360751
60d86e327276d203c00d6679
18:44:10.360912
60d86e327276d203c20d668a
18:44:09.701912
60d86e327276d203c00d6679
19:44:11.700027
60d86e327276d203c20d668a
19:44:11.041027
60d86e327276d203c00d6679
20:44:13.037469
60d86e327276d203c20d668a
20:44:12.378469
60d86e327276d203c00d6679
21:44:14.354463
60d86e327276d203c20d668a
21:44:13.695463
60d86e327276d203c00d6679
22:44:15.682871
60d86e327276d203c20d668a
22:44:15.023871
60d86e327276d203c00d6679
23:44:17.004532
60d86e327276d203c20d668a
23:44:16.345532
60d86e327276d203c00d6679
1 day, 0:44:18.348875
60d86e327276d203c20d668a
1 day, 0:44:17.689875
Traceback (most recent call last):
  File "scheduler.py", line 279, in <module>
    sensor()
  File "scheduler.py", line 274, in sensor
    step1.delete()
AttributeError: 'NoneType' object has no attribute 'delete'
60d86e327276d203c20d668a
1 day, 1:44:19.023408
Traceback (most recent call last):
  File "scheduler.py", line 279, in <module>
    sensor()
  File "scheduler.py", line 274, in sensor
    step1.delete()
AttributeError: 'NoneType' object has no attribute 'delete'
60d86e327276d203c20d668a
1 day, 2:44:20.375241
Traceback (most recent call last):
  File "scheduler.py", line 279, in <module>
    sensor()
  File "scheduler.py", line 274, in sensor
    step1.delete()
AttributeError: 'NoneType' object has no attribute 'delete'
60d86e327276d203c20d668a
1 day, 3:44:21.746903
Traceback (most recent call last):
  File "scheduler.py", line 279, in <module>
    sensor()
  File "scheduler.py", line 274, in sensor
    step1.delete()
AttributeError: 'NoneType' object has no attribute 'delete'
60d86e327276d203c20d668a
1 day, 4:44:23.086839
Traceback (most recent call last):
  File "scheduler.py", line 279, in <module>
    sensor()
  File "scheduler.py", line 274, in sensor
    step1.delete()
AttributeError: 'NoneType' object has no attribute 'delete'
60d86e327276d203c20d668a
1 day, 5:44:24.425647
Traceback (most recent call last):
  File "scheduler.py", line 279, in <module>
    sensor()
  File "scheduler.py", line 274, in sensor
    step1.delete()
AttributeError: 'NoneType' object has no attribute 'delete'
60d86e327276d203c20d668a
1 day, 6:44:25.812827
Traceback (most recent call last):
  File "scheduler.py", line 279, in <module>
    sensor()
  File "scheduler.py", line 274, in sensor
    step1.delete()
AttributeError: 'NoneType' object has no attribute 'delete'
60d86e327276d203c20d668a
1 day, 7:44:27.216517
Traceback (most recent call last):
  File "scheduler.py", line 279, in <module>
    sensor()
  File "scheduler.py", line 274, in sensor
    step1.delete()
AttributeError: 'NoneType' object has no attribute 'delete'
60d86e327276d203c20d668a
1 day, 8:44:28.838521
Traceback (most recent call last):
  File "scheduler.py", line 279, in <module>
    sensor()
  File "scheduler.py", line 274, in sensor
    step1.delete()
AttributeError: 'NoneType' object has no attribute 'delete'
60d86e327276d203c20d668a
1 day, 9:44:30.253600
Traceback (most recent call last):
  File "scheduler.py", line 279, in <module>
    sensor()
  File "scheduler.py", line 274, in sensor
    step1.delete()
AttributeError: 'NoneType' object has no attribute 'delete'
60d86e327276d203c20d668a
1 day, 10:44:31.767333
Traceback (most recent call last):
  File "scheduler.py", line 279, in <module>
    sensor()
  File "scheduler.py", line 274, in sensor
    step1.delete()
AttributeError: 'NoneType' object has no attribute 'delete'
60d86e327276d203c20d668a
1 day, 11:44:33.157348
Traceback (most recent call last):
  File "scheduler.py", line 279, in <module>
    sensor()
  File "scheduler.py", line 274, in sensor
    step1.delete()
AttributeError: 'NoneType' object has no attribute 'delete'
60d86e327276d203c20d668a
1 day, 12:44:34.567717
Traceback (most recent call last):
  File "scheduler.py", line 279, in <module>
    sensor()
  File "scheduler.py", line 274, in sensor
    step1.delete()
AttributeError: 'NoneType' object has no attribute 'delete'
60d86e327276d203c20d668a
1 day, 13:44:35.965778
Traceback (most recent call last):
  File "scheduler.py", line 279, in <module>
    sensor()
  File "scheduler.py", line 274, in sensor
    step1.delete()
AttributeError: 'NoneType' object has no attribute 'delete'
60d86e327276d203c20d668a
1 day, 14:44:37.363749
Traceback (most recent call last):
  File "scheduler.py", line 279, in <module>
    sensor()
  File "scheduler.py", line 274, in sensor
    step1.delete()
AttributeError: 'NoneType' object has no attribute 'delete'
60d86e327276d203c20d668a
1 day, 15:44:39.040335
Traceback (most recent call last):
  File "scheduler.py", line 279, in <module>
    sensor()
  File "scheduler.py", line 274, in sensor
    step1.delete()
AttributeError: 'NoneType' object has no attribute 'delete'
60d86e327276d203c20d668a
1 day, 16:44:40.712123
Traceback (most recent call last):
  File "scheduler.py", line 279, in <module>
    sensor()
  File "scheduler.py", line 274, in sensor
    step1.delete()
AttributeError: 'NoneType' object has no attribute 'delete'
60d86e327276d203c20d668a
1 day, 17:44:42.242714
Traceback (most recent call last):
  File "scheduler.py", line 279, in <module>
    sensor()
  File "scheduler.py", line 274, in sensor
    step1.delete()
AttributeError: 'NoneType' object has no attribute 'delete'
60d86e327276d203c20d668a
1 day, 18:44:43.706055
Traceback (most recent call last):
  File "scheduler.py", line 279, in <module>
    sensor()
  File "scheduler.py", line 274, in sensor
    step1.delete()
AttributeError: 'NoneType' object has no attribute 'delete'
60d86e327276d203c20d668a
1 day, 19:44:45.130355
Traceback (most recent call last):
  File "scheduler.py", line 279, in <module>
    sensor()
  File "scheduler.py", line 274, in sensor
    step1.delete()
AttributeError: 'NoneType' object has no attribute 'delete'
60d86e327276d203c20d668a
1 day, 20:44:46.549027
Traceback (most recent call last):
  File "scheduler.py", line 279, in <module>
    sensor()
  File "scheduler.py", line 274, in sensor
    step1.delete()
AttributeError: 'NoneType' object has no attribute 'delete'
60d86e327276d203c20d668a
1 day, 21:44:47.947814
Traceback (most recent call last):
  File "scheduler.py", line 279, in <module>
    sensor()
  File "scheduler.py", line 274, in sensor
    step1.delete()
AttributeError: 'NoneType' object has no attribute 'delete'
60d86e327276d203c20d668a
1 day, 22:44:49.330563
Traceback (most recent call last):
  File "scheduler.py", line 279, in <module>
    sensor()
  File "scheduler.py", line 274, in sensor
    step1.delete()
AttributeError: 'NoneType' object has no attribute 'delete'
60d86e327276d203c20d668a
1 day, 23:44:50.775264
Traceback (most recent call last):
  File "scheduler.py", line 279, in <module>
    sensor()
  File "scheduler.py", line 274, in sensor
    step1.delete()
AttributeError: 'NoneType' object has no attribute 'delete'
60d86e327276d203c20d668a
2 days, 0:44:52.203478
Traceback (most recent call last):
  File "scheduler.py", line 279, in <module>
    sensor()
  File "scheduler.py", line 274, in sensor
    step1.delete()
AttributeError: 'NoneType' object has no attribute 'delete'
60d86e327276d203c20d668a
2 days, 1:44:53.616618
Traceback (most recent call last):
  File "scheduler.py", line 279, in <module>
    sensor()
  File "scheduler.py", line 274, in sensor
    step1.delete()
AttributeError: 'NoneType' object has no attribute 'delete'
